Total Flux: [1.3199815771557502] Flux farfield: [0.29146322] ratio: [0.22080855] ff_flux: 0.29390127071065725 simulation_time: 5 dpml: 0.5 res: 20 r: 100 npts: 1600
Polarisation Ex No symmetries
Elapsed run time = 525.7083 s

Total Flux: [1.3199815771557715] Flux farfield: [0.29146315] ratio: [0.2208085] ff_flux: 0.29390127071065625 simulation_time: 5 dpml: 0.5 res: 20 r: 100 npts: 1600
Polarisation Ez 3-fold symmetry
Elapsed run time = 826.8984 s

Total Flux: [1.3243074429966122] Flux farfield: [0.31106295] ratio: [0.23488726] ff_flux: 0.3136640931366224 simulation_time: 10 dpml: 0.5 res: 40 r: 100 npts: 1600
Polarisation Ez no symmetry
Elapsed run time = 1530.9727 s

Total Flux: [1.3243216869198202] Flux farfield: [0.31103858] ratio: [0.23486633] ff_flux: 0.3136393567003494 simulation_time: 20 dpml: 0.5 res: 40 r: 100 npts: 1600
Polarisation Ez no symmetry
Elapsed run time = 1454.7384 s

Total Flux: [1.3243180826833882] Flux farfield: [0.31104141] ratio: [0.23486911] ff_flux: 0.313642221215094 simulation_time: 40 dpml: 0.5 res: 40 r: 100 npts: 1600
Polarisation Ez no symmetry
Elapsed run time = 1626.1409 s

Total Flux: [1.3246287319064183] Flux farfield: [0.31090516] ratio: [0.23471117] ff_flux: 0.31350394631043027 simulation_time: 5 dpml: 0.5 res: 40 r: 100 npts: 1600
Polarisation Ez no symmetry
Elapsed run time = 1560.7744 s

Total Flux: [1.3244581282575858] Flux farfield: [0.24900264] ratio: [0.18800341] ff_flux: 0.25078392251877174 simulation_time: 5 dpml: 0.1 res: 40 r: 100 npts: 1600
Polarisation Ez no symmetry decreased dpml padding=0.1
Elapsed run time = 1366.1303 s

Total Flux: [-1.3239632357295552] Flux farfield: [3.25470583] ratio: [-2.45830529] ff_flux: 3.2716640855467025 simulation_time: 5 dpml: 1 res: 40 r: 100 npts: 1600
Polarisation Ez no symmetry
Elapsed run time = 30328.4818 s

----
Total Flux: [1.3246375444855525] Flux farfield: [0.29457931] ratio: [0.22238484] simulation_time: 5 dpml: 1 res: 40 r: 100 npts: 1600
Ex no symmetry
Total Flux: [1.3246375444855076] Flux farfield: [0.5580892] ratio: [0.42131465] simulation_time: 5 dpml: 1 res: 40 r: 100 npts: 1600
Ey no Symmetry
Total Flux: [1.324637544485516] Flux farfield: [0.58354699] ratio: [0.44053333] simulation_time: 5 dpml: 1 res: 40 r: 100 npts: 1600
Ez no symm
Total Flux: [1.3233119000616895] Flux farfield: [0.72533092] ratio: [0.54811788] simulation_time: 5 dpml: 1 res: 80 r: 100 npts: 1600
Ez no symm
Elapsed run time = 1827.0850 s
Total Flux: [1.3233119000616556] Flux farfield: [0.64733334] ratio: [0.4891767] simulation_time: 5 dpml: 1 res: 80 r: 100 npts: 1600
Ey no symm
Elapsed run time = 1492.1411 s


Total Flux: [1.3233119000616729] Flux farfield: [0.69379655] ratio: [0.524288] simulation_time: 5 dpml: 1 res: 80 r: 100 npts: 1600
Ey symm
Elapsed run time = 499.0209 s
Total Flux: [1.323213270270218] Flux farfield: [0.6885573] ratio: [0.52036759] simulation_time: 5 dpml: 0.1 res: 80 r: 100 npts: 1600
Ey symm
Total Flux: [1.3239548289416871] Flux farfield: [0.68742568] ratio: [0.5192214] simulation_time: 5 dpml: 0.1 res: 120 r: 100 npts: 1600
Ey symm
Elapsed run time = 452.0314 s
Total Flux: [1.324429622289593] Flux farfield: [0.6874318] ratio: [0.51903988] simulation_time: 5 dpml: 0.1 res: 160 r: 100 npts: 1600
Ey symm
Elapsed run time = 830.6291 s
Total Flux: [1.3232132702702157] Flux farfield: [0.69736585] ratio: [0.52702453] simulation_time: 5 dpml: 0.1 res: 80 r: 100 npts: 1600
Ex symm
Elapsed run time = 148.6571 s
Total Flux: [1.323213270270212] Flux farfield: [0.22646579] ratio: [0.17114837] simulation_time: 5 dpml: 0.1 res: 80 r: 100 npts: 1600
Ez
Elapsed run time = 141.0236 s
Total Flux: [1.3244581282575885] Flux farfield: [0.69544319] ratio: [0.52507752] simulation_time: 5 dpml: 0.1 res: 40 r: 100 npts: 1600
Ey
Elapsed run time = 38.1793 s
Total Flux: [1.332177590768147] Flux farfield: [0.77912185] ratio: [0.58484834] simulation_time: 5 dpml: 0.1 res: 20 r: 100 npts: 1600
Ey
Elapsed run time = 10.7041 s

Total Flux: [1.3233574764326774] Flux farfield: [1.3381099] ratio: [1.01114772] simulation_time: 5 dpml: 0.1 res: 60 r: 100 npts: 1600
Ey 
Elapsed run time = 230.4918 s




















