Total Flux: [1.3199815771557502] Flux farfield: [0.29146322] ratio: [0.22080855] ff_flux: 0.29390127071065725 simulation_time: 5 dpml: 0.5 res: 20 r: 100 npts: 1600
Polarisation Ex No symmetries
Elapsed run time = 525.7083 s

Total Flux: [1.3199815771557715] Flux farfield: [0.29146315] ratio: [0.2208085] ff_flux: 0.29390127071065625 simulation_time: 5 dpml: 0.5 res: 20 r: 100 npts: 1600
Polarisation Ez 3-fold symmetry
Elapsed run time = 826.8984 s

Total Flux: [1.3243074429966122] Flux farfield: [0.31106295] ratio: [0.23488726] ff_flux: 0.3136640931366224 simulation_time: 10 dpml: 0.5 res: 40 r: 100 npts: 1600
Polarisation Ez no symmetry
Elapsed run time = 1530.9727 s

Total Flux: [1.3243216869198202] Flux farfield: [0.31103858] ratio: [0.23486633] ff_flux: 0.3136393567003494 simulation_time: 20 dpml: 0.5 res: 40 r: 100 npts: 1600
Polarisation Ez no symmetry
Elapsed run time = 1454.7384 s

Total Flux: [1.3243180826833882] Flux farfield: [0.31104141] ratio: [0.23486911] ff_flux: 0.313642221215094 simulation_time: 40 dpml: 0.5 res: 40 r: 100 npts: 1600
Polarisation Ez no symmetry
Elapsed run time = 1626.1409 s

Total Flux: [1.3246287319064183] Flux farfield: [0.31090516] ratio: [0.23471117] ff_flux: 0.31350394631043027 simulation_time: 5 dpml: 0.5 res: 40 r: 100 npts: 1600
Polarisation Ez no symmetry
Elapsed run time = 1560.7744 s

Total Flux: [1.3244581282575858] Flux farfield: [0.24900264] ratio: [0.18800341] ff_flux: 0.25078392251877174 simulation_time: 5 dpml: 0.1 res: 40 r: 100 npts: 1600
Polarisation Ez no symmetry decreased dpml padding=0.1
Elapsed run time = 1366.1303 s

Total Flux: [-1.3239632357295552] Flux farfield: [3.25470583] ratio: [-2.45830529] ff_flux: 3.2716640855467025 simulation_time: 5 dpml: 1 res: 40 r: 100 npts: 1600
Polarisation Ez no symmetry
Elapsed run time = 30328.4818 s








