Total_Flux: [2.8799459097352686] Flux_ff: [0.25652659] ratio: [0.08907341] sim_time: 30 dpml: 0.1 res: 60 source_pos: 0.02 p_height: 2.0 p_width: 2.0 freqs: [2.0]
Elapsed run time = 293.8532 s
Total_Flux: [18.081630758640255] Flux_ff: [1.2061684] ratio: [0.06670684] sim_time: 30 dpml: 0.1 res: 60 source_pos: 0.08 p_height: 2.2 p_width: 2.2 freqs: [2.0]
Elapsed run time = 413.4190 s
Total_Flux: [26.22652052272269] Flux_ff: [0.96516997] ratio: [0.0368013] sim_time: 30 dpml: 0.1 res: 60 source_pos: 0.16 p_height: 2.4 p_width: 2.4 freqs: [2.0]
Elapsed run time = 507.2467 s
Total_Flux: [2.8799587983789063] Flux_ff: [0.25652661] ratio: [0.08907301] sim_time: 60 dpml: 0.1 res: 60 source_pos: 0.02 p_height: 2.0 p_width: 2.0 freqs: [2.0]
Elapsed run time = 409.5748 s
Total_Flux: [18.08171666184846] Flux_ff: [1.20616906] ratio: [0.06670656] sim_time: 60 dpml: 0.1 res: 60 source_pos: 0.08 p_height: 2.2 p_width: 2.2 freqs: [2.0]
Elapsed run time = 570.9030 s
Total_Flux: [26.22632832891203] Flux_ff: [0.96516937] ratio: [0.03680154] sim_time: 60 dpml: 0.1 res: 60 source_pos: 0.16 p_height: 2.4 p_width: 2.4 freqs: [2.0]
Elapsed run time = 704.0848 s
Total_Flux: [2.2187802896858244] Flux_ff: [0.26550024] ratio: [0.11966045] sim_time: 30 dpml: 0.1 res: 60 source_pos: 0.02 p_height: 3.0 p_width: 2.0 freqs: [2.0]
Elapsed run time = 303.7754 s
Total_Flux: [21.091761649464217] Flux_ff: [1.39250889] ratio: [0.06602146] sim_time: 30 dpml: 0.1 res: 60 source_pos: 0.08 p_height: 3.2 p_width: 2.2 freqs: [2.0]
Elapsed run time = 398.6893 s
Total_Flux: [25.390684425214133] Flux_ff: [1.35217125] ratio: [0.05325462] sim_time: 30 dpml: 0.1 res: 60 source_pos: 0.16 p_height: 3.4 p_width: 2.4 freqs: [2.0]
Elapsed run time = 475.7404 s
Total_Flux: [2.218733307312855] Flux_ff: [0.26549563] ratio: [0.1196609] sim_time: 60 dpml: 0.1 res: 60 source_pos: 0.02 p_height: 3.0 p_width: 2.0 freqs: [2.0]
Elapsed run time = 449.9173 s
Total_Flux: [21.091594047082438] Flux_ff: [1.39250291] ratio: [0.0660217] sim_time: 60 dpml: 0.1 res: 60 source_pos: 0.08 p_height: 3.2 p_width: 2.2 freqs: [2.0]
Elapsed run time = 566.6866 s
Total_Flux: [25.39270535392891] Flux_ff: [1.35216713] ratio: [0.05325022] sim_time: 60 dpml: 0.1 res: 60 source_pos: 0.16 p_height: 3.4 p_width: 2.4 freqs: [2.0]
Elapsed run time = 692.0052 s

Total_Flux: [2.644396594638556e-07, 0.053216630791564586, 5.6227800832815456e-05] Flux_ff: [5.17918479e-08 7.81329547e-03 5.54989492e-06] ratio: [0.19585507 0.14682056 0.09870375] sim_time: 30 dpml: 0.1 res: 60 source_pos: 0.02 p_height: 4.0 p_width: 2.0 freqs: [1.0, 2.0, 3.0]
Elapsed run time = 550.2460 s
Total_Flux: [1.9718402004349807e-06, 1.0232998592985516, 0.0009145027585546052] Flux_ff: [2.32985436e-07 6.06721223e-02 4.02580955e-05] ratio: [0.11815635 0.05929066 0.04402184] sim_time: 30 dpml: 0.1 res: 60 source_pos: 0.08 p_height: 4.2 p_width: 2.2 freqs: [1.0, 2.0, 3.0]
Elapsed run time = 770.1150 s
Total_Flux: [8.277954004151397e-06, 0.9805186350474122, 0.0005539089758360338] Flux_ff: [4.59485908e-07 5.97094847e-02 3.19601443e-05] ratio: [0.05550718 0.06089582 0.05769927] sim_time: 30 dpml: 0.1 res: 60 source_pos: 0.16 p_height: 4.4 p_width: 2.4 freqs: [1.0, 2.0, 3.0]
Elapsed run time = 929.0593 s
Total_Flux: [6.542157458710525e-06, 0.996044435271817, 0.0006723219912655542] Flux_ff: [4.50730304e-07 5.10439085e-02 3.24712632e-05] ratio: [0.06889628 0.05124662 0.04829719] sim_time: 30 dpml: 0.1 res: 60 source_pos: 0.32 p_height: 4.4 p_width: 2.4 freqs: [1.0, 2.0, 3.0]
Elapsed run time = 924.2760 s
Total_Flux: [6.753917525539835e-06, 1.2266721378675705, 0.0006367097729058923] Flux_ff: [3.74619122e-07 5.91773471e-02 2.67647927e-05] ratio: [0.05546694 0.04824219 0.0420361 ] sim_time: 30 dpml: 0.1 res: 60 source_pos: 0.64 p_height: 4.4 p_width: 2.4 freqs: [1.0, 2.0, 3.0]
Elapsed run time = 894.5283 s
Total_Flux: [2.4266388769095405e-07, 0.05321971544695915, 5.588589069384542e-05] Flux_ff: [5.10713898e-08 7.81355453e-03 5.54712558e-06] ratio: [0.21046143 0.14681692 0.09925807] sim_time: 60 dpml: 0.1 res: 60 source_pos: 0.02 p_height: 4.0 p_width: 2.0 freqs: [1.0, 2.0, 3.0]
Elapsed run time = 755.8676 s
Total_Flux: [1.934901139960408e-06, 1.0233966387402962, 0.000914364475073166] Flux_ff: [2.33780774e-07 6.06736405e-02 4.02769895e-05] ratio: [0.12082311 0.05928653 0.04404916] sim_time: 60 dpml: 0.1 res: 60 source_pos: 0.08 p_height: 4.2 p_width: 2.2 freqs: [1.0, 2.0, 3.0]
Elapsed run time = 990.8235 s
Total_Flux: [8.248808718592064e-06, 0.9806072686046091, 0.0005541700032757258] Flux_ff: [4.60416952e-07 5.97092004e-02 3.19346328e-05] ratio: [0.05581618 0.06089002 0.05762606] sim_time: 60 dpml: 0.1 res: 60 source_pos: 0.16 p_height: 4.4 p_width: 2.4 freqs: [1.0, 2.0, 3.0]
Elapsed run time = 1188.2138 s
Total_Flux: [6.530666107516746e-06, 0.9961662653619238, 0.0006718937869354949] Flux_ff: [4.51297330e-07 5.10441668e-02 3.24584822e-05] ratio: [0.06910433 0.05124061 0.04830895] sim_time: 60 dpml: 0.1 res: 60 source_pos: 0.32 p_height: 4.4 p_width: 2.4 freqs: [1.0, 2.0, 3.0]
Elapsed run time = 1187.3317 s
Total_Flux: [6.677550859979751e-06, 1.2266134076412891, 0.0006365284686773973] Flux_ff: [3.74215402e-07 5.91740856e-02 2.67655665e-05] ratio: [0.05604082 0.04824184 0.04204928] sim_time: 60 dpml: 0.1 res: 60 source_pos: 0.64 p_height: 4.4 p_width: 2.4 freqs: [1.0, 2.0, 3.0]
Elapsed run time = 1174.0166 s
Total_Flux: [0.00032072551624019095, 4.439290208269841, 0.0012387021117056998] Flux_ff: [1.34327387e-05 1.91670187e-01 5.99365844e-05] ratio: [0.04188235 0.04317586 0.0483866 ] sim_time: 30 dpml: 0.1 res: 60 source_pos: 0.02 p_height: 4.0 p_width: 2.0 freqs: [1.5, 2.0, 2.5]
Elapsed run time = 528.8249 s
Total_Flux: [0.00022558120273213968, 4.257386740111752, 0.00197786861792124] Flux_ff: [8.98742072e-06 1.64936472e-01 8.04237095e-05] ratio: [0.03984118 0.03874125 0.04066181] sim_time: 30 dpml: 0.1 res: 60 source_pos: 0.08 p_height: 4.2 p_width: 2.0 freqs: [1.5, 2.0, 2.5]
Elapsed run time = 555.7244 s
Total_Flux: [0.00013854788177778912, 6.958413600918253, 0.002567215961673644] Flux_ff: [8.14130515e-06 2.62047372e-01 1.18801473e-04] ratio: [0.05876167 0.03765907 0.04627638] sim_time: 30 dpml: 0.1 res: 60 source_pos: 0.16 p_height: 4.4 p_width: 2.0 freqs: [1.5, 2.0, 2.5]
Elapsed run time = 583.5322 s
Total_Flux: [0.0010359446549841676, 10.135992716567207, 0.0018524306700760632] Flux_ff: [7.98415036e-05 4.15083933e-01 3.91387429e-04] ratio: [0.07707121 0.04095148 0.21128317] sim_time: 30 dpml: 0.1 res: 60 source_pos: 0.32 p_height: 4.4 p_width: 2.0 freqs: [1.5, 2.0, 2.5]
Elapsed run time = 587.5731 s
Total_Flux: [0.0, 0.0, 0.0] Flux_ff: [0. 0. 0.] ratio: [nan nan nan] sim_time: 30 dpml: 0.1 res: 60 source_pos: 0.64 p_height: 4.4 p_width: 2.0 freqs: [1.5, 2.0, 2.5]
Elapsed run time = 576.6026 s
Total_Flux: [0.00029843001458939797, 4.528326738137091, 0.0011787775483886602] Flux_ff: [1.21000361e-05 1.99609510e-01 5.36558036e-05] ratio: [0.04054564 0.04408019 0.04551818] sim_time: 60 dpml: 0.1 res: 60 source_pos: 0.02 p_height: 4.0 p_width: 2.0 freqs: [1.5, 2.0, 2.5]
Elapsed run time = 716.3697 s
Total_Flux: [0.0002118841166512978, 4.238684949652502, 0.0018908591963921416] Flux_ff: [7.66937813e-06 1.63934495e-01 7.75954466e-05] ratio: [0.0361961  0.03867579 0.04103714] sim_time: 60 dpml: 0.1 res: 60 source_pos: 0.08 p_height: 4.2 p_width: 2.0 freqs: [1.5, 2.0, 2.5]
Elapsed run time = 762.8328 s
Total_Flux: [0.00011843031866401875, 6.956441083588219, 0.0026308693366191836] Flux_ff: [6.55223041e-06 2.60891904e-01 1.17054706e-04] ratio: [0.05532562 0.03750365 0.04449279] sim_time: 60 dpml: 0.1 res: 60 source_pos: 0.16 p_height: 4.4 p_width: 2.0 freqs: [1.5, 2.0, 2.5]
Elapsed run time = 794.0916 s
Total_Flux: [0.0008707470674533752, 10.116447523018785, 0.0015357697520943033] Flux_ff: [6.50698993e-05 4.12526721e-01 2.67560073e-04] ratio: [0.07472882 0.04077782 0.17421887] sim_time: 60 dpml: 0.1 res: 60 source_pos: 0.32 p_height: 4.4 p_width: 2.0 freqs: [1.5, 2.0, 2.5]
Elapsed run time = 791.6432 s
Total_Flux: [0.0, 0.0, 0.0] Flux_ff: [0. 0. 0.] ratio: [nan nan nan] sim_time: 60 dpml: 0.1 res: 60 source_pos: 0.64 p_height: 4.4 p_width: 2.0 freqs: [1.5, 2.0, 2.5]
Elapsed run time = 786.6631 s
<<<<<<< HEAD
Total_Flux: [0.0006251280747314392, 2.809780409884308, 0.003013173175864093] Flux_ff: [4.19331821e-05 1.02853610e-01 1.80234558e-04] ratio: [0.06707935 0.03660557 0.05981553] sim_time: 30 dpml: 0.1 res: 60 source_pos: 0.08 p_height: 2.0 p_width: 2.0 freqs: [1.5, 2.0, 2.5]
Elapsed run time = 293.4856 s
Total_Flux: [0.0003771559344272228, 6.0980749970791, 0.0028169516187095786] Flux_ff: [3.29811045e-05 2.48031685e-01 1.54462936e-04] ratio: [0.08744687 0.04067377 0.05483337] sim_time: 30 dpml: 0.1 res: 60 source_pos: 0.08 p_height: 2.2 p_width: 2.0 freqs: [1.5, 2.0, 2.5]
Elapsed run time = 349.2777 s
Total_Flux: [0.0004272646609638053, 5.511509174350706, 0.002825356456792409] Flux_ff: [2.09612711e-05 2.22772572e-01 1.36421657e-04] ratio: [0.04905922 0.04041952 0.04828476] sim_time: 30 dpml: 0.1 res: 60 source_pos: 0.08 p_height: 2.4 p_width: 2.0 freqs: [1.5, 2.0, 2.5]
Elapsed run time = 375.0231 s
Total_Flux: [0.0004174777113540955, 5.142913874541923, 0.0018308840035369373] Flux_ff: [2.15808551e-05 2.17412455e-01 1.20883726e-04] ratio: [0.05169343 0.04227418 0.06602479] sim_time: 30 dpml: 0.1 res: 60 source_pos: 0.08 p_height: 2.6 p_width: 2.0 freqs: [1.5, 2.0, 2.5]
Elapsed run time = 399.6901 s
Total_Flux: [0.0008370870989479251, 5.095814717604885, 0.0030611382352041527] Flux_ff: [3.77257221e-05 1.93755135e-01 1.26671996e-04] ratio: [0.04506786 0.03802241 0.04138068] sim_time: 30 dpml: 0.1 res: 60 source_pos: 0.08 p_height: 2.8 p_width: 2.0 freqs: [1.5, 2.0, 2.5]
Elapsed run time = 343.6993 s
Total_Flux: [0.0007900957636044184, 5.792682325973126, 0.001809047966683632] Flux_ff: [2.58002899e-05 2.46717044e-01 8.34436730e-05] ratio: [0.03265464 0.04259116 0.04612574] sim_time: 30 dpml: 0.1 res: 60 source_pos: 0.08 p_height: 3.0 p_width: 2.0 freqs: [1.5, 2.0, 2.5]
Elapsed run time = 356.6702 s
Total_Flux: [0.0006251280747314392, 2.809780409884308, 0.003013173175864093] Flux_ff: [4.19331821e-05 1.02853610e-01 1.80234558e-04] ratio: [0.06707935 0.03660557 0.05981553] sim_time: 30 dpml: 0.1 res: 60 source_pos: 0.08 p_height: 2.0 p_width: 2.0 freqs: [1.5, 2.0, 2.5]
Elapsed run time = 304.9895 s
Total_Flux: [0.0014078140138040522, 4.688545648762073, 0.00605439332782535] Flux_ff: [5.07206778e-05 1.80876779e-01 3.07862698e-04] ratio: [0.03602797 0.03857844 0.05084947] sim_time: 30 dpml: 0.1 res: 60 source_pos: 0.08 p_height: 2.0 p_width: 2.2 freqs: [1.5, 2.0, 2.5]
Elapsed run time = 381.5449 s
Total_Flux: [0.001535926527015633, 7.407041131520227, 0.0038085305031795354] Flux_ff: [7.40201450e-05 2.91065600e-01 2.35604497e-04] ratio: [0.0481925  0.0392958  0.06186231] sim_time: 30 dpml: 0.1 res: 60 source_pos: 0.08 p_height: 2.0 p_width: 2.4 freqs: [1.5, 2.0, 2.5]
Elapsed run time = 424.8538 s
Total_Flux: [0.0021147476889071697, 13.764602118604671, 0.009392313611747714] Flux_ff: [7.33113641e-05 6.31183734e-01 5.39675236e-04] ratio: [0.03466672 0.04585557 0.05745924] sim_time: 30 dpml: 0.1 res: 60 source_pos: 0.08 p_height: 2.0 p_width: 2.6 freqs: [1.5, 2.0, 2.5]
Elapsed run time = 461.8029 s
Total_Flux: [0.008460387484311277, 1.9089535708175918, 0.008332960613406711] Flux_ff: [0.00012723 0.09007777 0.00069175] ratio: [0.01503868 0.04718699 0.08301321] sim_time: 30 dpml: 0.1 res: 60 source_pos: 0.08 p_height: 2.0 p_width: 2.8 freqs: [1.5, 2.0, 2.5]
Elapsed run time = 510.2706 s
Total_Flux: [0.008966020483802262, 5.557964658102399, 0.014333911019401593] Flux_ff: [1.67718450e-04 2.40019755e-01 1.03377718e-03] ratio: [0.01870601 0.04318483 0.07212108] sim_time: 30 dpml: 0.1 res: 60 source_pos: 0.08 p_height: 2.0 p_width: 3.0 freqs: [1.5, 2.0, 2.5]
Elapsed run time = 551.7222 s
Total_Flux: [0.001833590533016494, 5.139352431531702, 0.002655772748229924] Flux_ff: [7.26667961e-05 2.41962239e-01 1.36348959e-04] ratio: [0.03963087 0.0470803  0.0513406 ] sim_time: 30 dpml: 0.1 res: 60 source_pos: 0.02 p_height: 2.8 p_width: 2.0 freqs: [1.5, 2.0, 2.5]
Elapsed run time = 341.5174 s
Total_Flux: [0.001830207371201732, 4.494780548810915, 0.002425751673661146] Flux_ff: [7.15682605e-05 1.95094924e-01 1.17767784e-04] ratio: [0.03910391 0.04340477 0.04854899] sim_time: 30 dpml: 0.1 res: 60 source_pos: 0.04 p_height: 2.8 p_width: 2.0 freqs: [1.5, 2.0, 2.5]
Elapsed run time = 331.3964 s
Total_Flux: [0.0008370870989479251, 5.095814717604885, 0.0030611382352041527] Flux_ff: [3.77257221e-05 1.93755135e-01 1.26671996e-04] ratio: [0.04506786 0.03802241 0.04138068] sim_time: 30 dpml: 0.1 res: 60 source_pos: 0.08 p_height: 2.8 p_width: 2.0 freqs: [1.5, 2.0, 2.5]
Elapsed run time = 338.3262 s
Total_Flux: [0.0016935361321282639, 15.021467380984229, 0.003908621073240068] Flux_ff: [8.63171701e-05 5.71218249e-01 2.20553216e-04] ratio: [0.0509686  0.03802679 0.05642737] sim_time: 30 dpml: 0.1 res: 60 source_pos: 0.16 p_height: 2.8 p_width: 2.0 freqs: [1.5, 2.0, 2.5]
Elapsed run time = 337.0527 s
Total_Flux: [0.002852516617968237, 8.72061494795783, 0.004518902369022255] Flux_ff: [1.37049503e-04 4.51651746e-01 4.39721591e-04] ratio: [0.04804512 0.05179127 0.09730717] sim_time: 30 dpml: 0.1 res: 60 source_pos: 0.32 p_height: 2.8 p_width: 2.0 freqs: [1.5, 2.0, 2.5]
Elapsed run time = 339.7249 s
Elapsed run time = 45.3875 s
Elapsed run time = 0.2136 s
Elapsed run time = 0.2134 s
Elapsed run time = 0.2162 s
Elapsed run time = 0.2181 s
Elapsed run time = 0.2190 s
Elapsed run time = 0.2168 s
Elapsed run time = 0.2184 s
Elapsed run time = 0.2171 s
Elapsed run time = 0.2183 s
Elapsed run time = 0.2141 s
Total_Flux: [11.944917200075794] Flux_ff: [0.44112189] ratio: [0.03692967] sim_time: 360 dpml: 0.1 res: 60 source_pos: 0.08 p_height: 2.0 p_width: 2.0 freqs: [2.0]
Elapsed run time = 1377.9766 s
Total_Flux: [818040075.0235798] Flux_ff: [1252686.93166358] ratio: [0.00153133] sim_time: 480 dpml: 0.1 res: 60 source_pos: 0.08 p_height: 2.0 p_width: 2.0 freqs: [2.0]
Elapsed run time = 1803.0656 s
Total_Flux: [1.3800059524617748e+36] Flux_ff: [2.30277084e+33] ratio: [0.00166867] sim_time: 760 dpml: 0.1 res: 60 source_pos: 0.08 p_height: 2.0 p_width: 2.0 freqs: [2.0]
Elapsed run time = 2775.6366 s
Total_Flux: [11.821847021807226] Flux_ff: [0.42029037] ratio: [0.03555201] sim_time: 360 dpml: 0.4 res: 60 source_pos: 0.08 p_height: 2.0 p_width: 2.0 freqs: [2.0]
Elapsed run time = 2277.5653 s
Total_Flux: [1121727498.6815557] Flux_ff: [1845610.29862351] ratio: [0.00164533] sim_time: 480 dpml: 0.4 res: 60 source_pos: 0.08 p_height: 2.0 p_width: 2.0 freqs: [2.0]
Elapsed run time = 3056.6336 s
=======
Elapsed run time = 0.3682 s
Elapsed run time = 0.4170 s
Elapsed run time = 0.4265 s
Elapsed run time = 0.3928 s
Elapsed run time = 0.4327 s
Elapsed run time = 0.4301 s
Elapsed run time = 0.4418 s
Elapsed run time = 0.4357 s
Elapsed run time = 0.4204 s
Elapsed run time = 0.2553 s
Total_Flux: [12.143573748926844] Flux_ff: [0.44259236] ratio: [0.03644663] sim_time: 30 dpml: 0.1 res: 60 source_pos: 0.08 p_height: 2.0 p_width: 2.0 freqs: [2.0]
Elapsed run time = 352.9229 s
Total_Flux: [11.877910431889054] Flux_ff: [0.42550505] ratio: [0.03582322] sim_time: 60 dpml: 0.1 res: 60 source_pos: 0.08 p_height: 2.0 p_width: 2.0 freqs: [2.0]
Elapsed run time = 490.8538 s
Total_Flux: [11.90802106612282] Flux_ff: [0.42121029] ratio: [0.03537198] sim_time: 120 dpml: 0.1 res: 60 source_pos: 0.08 p_height: 2.0 p_width: 2.0 freqs: [2.0]
Elapsed run time = 628.5975 s
Total_Flux: [11.898133998614984] Flux_ff: [0.4204459] ratio: [0.03533713] sim_time: 240 dpml: 0.1 res: 60 source_pos: 0.08 p_height: 2.0 p_width: 2.0 freqs: [2.0]
Elapsed run time = 1220.1573 s
Total_Flux: [909110856.8159595] Flux_ff: [1430483.99252966] ratio: [0.0015735] sim_time: 480 dpml: 0.1 res: 60 source_pos: 0.08 p_height: 2.0 p_width: 2.0 freqs: [2.0]
Elapsed run time = 2107.8321 s
Total_Flux: [12.144500913178476] Flux_ff: [0.44302238] ratio: [0.03647926] sim_time: 30 dpml: 0.4 res: 60 source_pos: 0.08 p_height: 2.0 p_width: 2.0 freqs: [2.0]
Elapsed run time = 535.6633 s
Total_Flux: [11.879150469824822] Flux_ff: [0.42579269] ratio: [0.0358437] sim_time: 60 dpml: 0.4 res: 60 source_pos: 0.08 p_height: 2.0 p_width: 2.0 freqs: [2.0]
Elapsed run time = 747.8341 s
Total_Flux: [11.909258827414442] Flux_ff: [0.42138701] ratio: [0.03538314] sim_time: 120 dpml: 0.4 res: 60 source_pos: 0.08 p_height: 2.0 p_width: 2.0 freqs: [2.0]
Elapsed run time = 1057.6973 s
Total_Flux: [11.899363029337263] Flux_ff: [0.4206227] ratio: [0.03534834] sim_time: 240 dpml: 0.4 res: 60 source_pos: 0.08 p_height: 2.0 p_width: 2.0 freqs: [2.0]
Elapsed run time = 2042.0569 s
Total_Flux: [978772549.2554891] Flux_ff: [1546913.71007401] ratio: [0.00158046] sim_time: 480 dpml: 0.4 res: 60 source_pos: 0.08 p_height: 2.0 p_width: 2.0 freqs: [2.0]
Elapsed run time = 3942.9853 s
Total_Flux: [12.144514972015184] Flux_ff: [0.44362199] ratio: [0.03652859] sim_time: 30 dpml: 1.0 res: 60 source_pos: 0.08 p_height: 2.0 p_width: 2.0 freqs: [2.0]
Elapsed run time = 1078.4659 s
Total_Flux: [11.879169619668353] Flux_ff: [0.42627763] ratio: [0.03588446] sim_time: 60 dpml: 1.0 res: 60 source_pos: 0.08 p_height: 2.0 p_width: 2.0 freqs: [2.0]
Elapsed run time = 1649.7566 s
Total_Flux: [11.90927794671724] Flux_ff: [0.42171097] ratio: [0.03541029] sim_time: 120 dpml: 1.0 res: 60 source_pos: 0.08 p_height: 2.0 p_width: 2.0 freqs: [2.0]
Elapsed run time = 2548.0986 s
Total_Flux: [11.89938201876767] Flux_ff: [0.42096197] ratio: [0.03537679] sim_time: 240 dpml: 1.0 res: 60 source_pos: 0.08 p_height: 2.0 p_width: 2.0 freqs: [2.0]
Elapsed run time = 5111.5289 s
Total_Flux: [920886463.400969] Flux_ff: [1540230.6865995] ratio: [0.00167255] sim_time: 480 dpml: 1.0 res: 60 source_pos: 0.08 p_height: 2.0 p_width: 2.0 freqs: [2.0]
Elapsed run time = 9428.2395 s
>>>>>>> f52a4f01a5a00b30a944442baac43065471cfbad
